02-03-2017 16:09 -- remi_log_file has just registered.
02-03-2017 16:13 -- cosinus has just log.
02-03-2017 16:33 -- THEGOD has just registered.
02-03-2017 16:34 -- nathael has just registered.
02-03-2017 16:36 -- NathLeKing has just registered.
02-03-2017 16:36 -- NathLeKing has just log.
02-03-2017 18:34 -- cosinus has just log.
02-03-2017 22:51 -- cosinus has just log.
03-03-2017 00:02 -- ousmane has just log.
03-03-2017 00:12 -- ousmane has just log.
03-03-2017 04:49 -- ousmane has just log.
03-03-2017 04:58 -- ousmane has just log.
03-03-2017 05:05 -- ousmane has just log.
03-03-2017 15:32 -- ousmane has just log.
03-03-2017 16:36 -- ousmane has just log.
03-03-2017 16:40 -- ousmane has just log.
03-03-2017 16:44 -- ousmane has just log.
03-03-2017 16:47 -- ousmane has just log.
03-03-2017 17:12 -- ousmane has just log.
04-03-2017 00:47 -- ousmane has just log.
04-03-2017 01:32 -- ousmane has just log.
04-03-2017 01:34 -- ousmane has just log.
04-03-2017 01:45 -- ousmane has just log.
04-03-2017 17:18 -- ousmane has just log.
04-03-2017 22:54 -- ousmane has just log.
05-03-2017 03:03 -- ousmane has just log.
05-03-2017 04:09 -- cosinus has just registered.
05-03-2017 04:10 -- cosinus has just log.
05-03-2017 04:22 -- cosinus has just log.
05-03-2017 04:30 -- cosinus has just log.
05-03-2017 04:40 -- cosinus has just log.
05-03-2017 16:22 -- cosinus has just log.
05-03-2017 16:44 -- cosinus has just log.
05-03-2017 23:10 -- cosinus has just log.
06-03-2017 00:50 -- cosinus has just log.
06-03-2017 00:51 -- omarsow has just registered.
06-03-2017 00:58 -- remi9999 has just registered.
06-03-2017 01:03 -- omarsow has just registered.
06-03-2017 01:03 -- omarsow has just registered.
06-03-2017 01:04 -- omarsow has just log.
06-03-2017 01:07 -- omarsow has just registered.
06-03-2017 11:06 -- cosinus has just log.
06-03-2017 11:45 -- cosinus has just log.
06-03-2017 12:11 -- cosinus has just log.
06-03-2017 12:14 -- cosinus has just log.
06-03-2017 12:22 -- cosinus has just log.
06-03-2017 12:23 -- cosinus has just log.
06-03-2017 14:18 -- cosinus has just log.
06-03-2017 16:10 -- cosinus has just log.
07-03-2017 15:51 -- cosinus has just log.
07-03-2017 15:51 -- cosinus has just log.
07-03-2017 16:10 -- cosinus has just log.
07-03-2017 17:32 -- cosinus has just log.
07-03-2017 23:14 -- cosinus has just log.
08-03-2017 01:14 -- cosinus has just log.
08-03-2017 01:35 -- cosinus has just log.
08-03-2017 01:51 -- cosinus has just log.
08-03-2017 02:08 -- cosinus has just log.
08-03-2017 02:27 -- cosinus has just log.
08-03-2017 03:37 -- cosinus has just log.
08-03-2017 03:51 -- cosinus has just log.
08-03-2017 11:39 -- cosinus has just log.
08-03-2017 11:49 -- cosinus has just log.
08-03-2017 12:40 -- ousmane has just registered.
08-03-2017 12:40 -- ousmane has just log.
08-03-2017 13:28 -- ousmane has just log.
08-03-2017 15:26 -- cosinus has just log.
08-03-2017 15:58 -- cosinus add file : uploads/cosinus/blague.png
08-03-2017 16:00 -- cosinus delete file : uploads/cosinus/excusededev.png
08-03-2017 16:04 -- cosinus delete file : uploads/cosinus/blague.png
08-03-2017 16:04 -- cosinus delete file : uploads/cosinus/omar.txt
